Determining if the pthread_create exist failed with the following output:
Change Dir: /home/nattaon/qt_project/Multi-ply-manipulator/build/CMakeFiles/CMakeTmp

Run Build Command:"/usr/bin/make" "cmTC_87c47/fast"
/usr/bin/make -f CMakeFiles/cmTC_87c47.dir/build.make CMakeFiles/cmTC_87c47.dir/build
make[1]: Entering directory '/home/nattaon/qt_project/Multi-ply-manipulator/build/CMakeFiles/CMakeTmp'
Building C object CMakeFiles/cmTC_87c47.dir/CheckSymbolExists.c.o
/usr/bin/cc    -o CMakeFiles/cmTC_87c47.dir/CheckSymbolExists.c.o   -c /home/nattaon/qt_project/Multi-ply-manipulator/build/CMakeFiles/CMakeTmp/CheckSymbolExists.c
Linking C executable cmTC_87c47
/usr/bin/cmake -E cmake_link_script CMakeFiles/cmTC_87c47.dir/link.txt --verbose=1
/usr/bin/cc      -rdynamic CMakeFiles/cmTC_87c47.dir/CheckSymbolExists.c.o  -o cmTC_87c47 
CMakeFiles/cmTC_87c47.dir/CheckSymbolExists.c.o: In function `main':
CheckSymbolExists.c:(.text+0x1b): undefined reference to `pthread_create'
collect2: error: ld returned 1 exit status
CMakeFiles/cmTC_87c47.dir/build.make:97: recipe for target 'cmTC_87c47' failed
make[1]: *** [cmTC_87c47] Error 1
make[1]: Leaving directory '/home/nattaon/qt_project/Multi-ply-manipulator/build/CMakeFiles/CMakeTmp'
Makefile:126: recipe for target 'cmTC_87c47/fast' failed
make: *** [cmTC_87c47/fast] Error 2

File /home/nattaon/qt_project/Multi-ply-manipulator/build/CMakeFiles/CMakeTmp/CheckSymbolExists.c:
/* */
#include <pthread.h>

int main(int argc, char** argv)
{
  (void)argv;
#ifndef pthread_create
  return ((int*)(&pthread_create))[argc];
#else
  (void)argc;
  return 0;
#endif
}

Determining if the function pthread_create exists in the pthreads failed with the following output:
Change Dir: /home/nattaon/qt_project/Multi-ply-manipulator/build/CMakeFiles/CMakeTmp

Run Build Command:"/usr/bin/make" "cmTC_e321d/fast"
/usr/bin/make -f CMakeFiles/cmTC_e321d.dir/build.make CMakeFiles/cmTC_e321d.dir/build
make[1]: Entering directory '/home/nattaon/qt_project/Multi-ply-manipulator/build/CMakeFiles/CMakeTmp'
Building C object CMakeFiles/cmTC_e321d.dir/CheckFunctionExists.c.o
/usr/bin/cc   -DCHECK_FUNCTION_EXISTS=pthread_create   -o CMakeFiles/cmTC_e321d.dir/CheckFunctionExists.c.o   -c /usr/share/cmake-3.10/Modules/CheckFunctionExists.c
Linking C executable cmTC_e321d
/usr/bin/cmake -E cmake_link_script CMakeFiles/cmTC_e321d.dir/link.txt --verbose=1
/usr/bin/cc  -DCHECK_FUNCTION_EXISTS=pthread_create    -rdynamic CMakeFiles/cmTC_e321d.dir/CheckFunctionExists.c.o  -o cmTC_e321d -lpthreads 
/usr/bin/ld: cannot find -lpthreads
collect2: error: ld returned 1 exit status
CMakeFiles/cmTC_e321d.dir/build.make:97: recipe for target 'cmTC_e321d' failed
make[1]: *** [cmTC_e321d] Error 1
make[1]: Leaving directory '/home/nattaon/qt_project/Multi-ply-manipulator/build/CMakeFiles/CMakeTmp'
Makefile:126: recipe for target 'cmTC_e321d/fast' failed
make: *** [cmTC_e321d/fast] Error 2


